<?xml version="1.0" encoding="UTF-8"?>
<!-- Generated by org.testng.reporters.JUnitReportReporter -->
<testsuite skipped="0" hostname="LAPTOP-9R4H18SQ" name="com.qa.hubspot.Tests.LoginTest" tests="3" failures="0" timestamp="11 Mar 2019 12:59:23 GMT" time="60.762" errors="0">
  <testcase name="loginPageTitleTest" time="28.397" classname="com.qa.hubspot.Tests.LoginTest"/>
  <testcase name="signUPLinkTest" time="11.890" classname="com.qa.hubspot.Tests.LoginTest"/>
  <testcase name="loginTest" time="20.475" classname="com.qa.hubspot.Tests.LoginTest"/>
</testsuite> <!-- com.qa.hubspot.Tests.LoginTest -->
