<?xml version="1.0" encoding="UTF-8"?>
<!-- Generated by org.testng.reporters.JUnitReportReporter -->
<testsuite skipped="0" hostname="LAPTOP-9R4H18SQ" name="com.qa.hubspot.Tests.HomePageTest" tests="3" failures="0" timestamp="11 Mar 2019 15:28:20 GMT" time="125.343" errors="0">
  <testcase name="homePageTitleTest" time="24.007" classname="com.qa.hubspot.Tests.HomePageTest"/>
  <testcase name="homePageHeaderTest" time="48.853" classname="com.qa.hubspot.Tests.HomePageTest"/>
  <testcase name="navigateToContactsTest" time="52.483" classname="com.qa.hubspot.Tests.HomePageTest"/>
</testsuite> <!-- com.qa.hubspot.Tests.HomePageTest -->
