<?xml version="1.0" encoding="UTF-8"?>
<!-- Generated by org.testng.reporters.JUnitReportReporter -->
<testsuite skipped="1" hostname="LAPTOP-9R4H18SQ" name="com.qa.hubspot.Tests.ContactsPageTest" tests="4" failures="0" timestamp="11 Mar 2019 12:59:23 GMT" time="142.780" errors="0">
  <testcase name="contactsPageTitleTest" time="42.864" classname="com.qa.hubspot.Tests.ContactsPageTest"/>
  <testcase name="contactsPageHeaderTest" time="50.882" classname="com.qa.hubspot.Tests.ContactsPageTest"/>
  <testcase name="contactsTempletePageHeaderTest" time="49.034" classname="com.qa.hubspot.Tests.ContactsPageTest"/>
  <testcase name="createNewContactsTest" time="0.000" classname="com.qa.hubspot.Tests.ContactsPageTest">
    <skipped/>
  </testcase> <!-- createNewContactsTest -->
</testsuite> <!-- com.qa.hubspot.Tests.ContactsPageTest -->
