<?xml version="1.0" encoding="UTF-8"?>
<!-- Generated by org.testng.reporters.JUnitReportReporter -->
<testsuite skipped="0" hostname="LAPTOP-9R4H18SQ" name="com.qa.hubspot.Tests.ContactsPageTest" tests="6" failures="0" timestamp="11 Mar 2019 14:36:54 GMT" time="297.099" errors="0">
  <testcase name="contactsPageTitleTest" time="40.583" classname="com.qa.hubspot.Tests.ContactsPageTest"/>
  <testcase name="contactsPageHeaderTest" time="42.352" classname="com.qa.hubspot.Tests.ContactsPageTest"/>
  <testcase name="contactsTempletePageHeaderTest" time="45.987" classname="com.qa.hubspot.Tests.ContactsPageTest"/>
  <testcase name="createNewContactsTest" time="55.456" classname="com.qa.hubspot.Tests.ContactsPageTest"/>
  <testcase name="createNewContactsTest" time="55.810" classname="com.qa.hubspot.Tests.ContactsPageTest"/>
  <testcase name="createNewContactsTest" time="56.911" classname="com.qa.hubspot.Tests.ContactsPageTest"/>
</testsuite> <!-- com.qa.hubspot.Tests.ContactsPageTest -->
