<?xml version="1.0" encoding="UTF-8"?>
<!-- Generated by org.testng.reporters.JUnitReportReporter -->
<testsuite skipped="0" hostname="LAPTOP-9R4H18SQ" name="com.qa.hubspot.Tests.HomePageTest" tests="3" failures="0" timestamp="11 Mar 2019 14:36:54 GMT" time="81.138" errors="0">
  <testcase name="homePageTitleTest" time="20.033" classname="com.qa.hubspot.Tests.HomePageTest"/>
  <testcase name="homePageHeaderTest" time="20.972" classname="com.qa.hubspot.Tests.HomePageTest"/>
  <testcase name="navigateToContactsTest" time="40.133" classname="com.qa.hubspot.Tests.HomePageTest"/>
</testsuite> <!-- com.qa.hubspot.Tests.HomePageTest -->
