<?xml version="1.0" encoding="UTF-8"?>
<!-- Generated by org.testng.reporters.JUnitReportReporter -->
<testsuite skipped="0" hostname="LAPTOP-9R4H18SQ" name="com.qa.hubspot.Tests.LoginTest" tests="3" failures="0" timestamp="11 Mar 2019 14:36:54 GMT" time="41.572" errors="0">
  <testcase name="loginPageTitleTest" time="17.386" classname="com.qa.hubspot.Tests.LoginTest"/>
  <testcase name="signUPLinkTest" time="10.039" classname="com.qa.hubspot.Tests.LoginTest"/>
  <testcase name="loginTest" time="14.147" classname="com.qa.hubspot.Tests.LoginTest"/>
</testsuite> <!-- com.qa.hubspot.Tests.LoginTest -->
